Arguments: 
  D:\Nodejs-v\node.exe C:\Users\Admin\AppData\Roaming\npm\node_modules\yarn\bin\yarn.js add dotenv jwtwebtoken express cors

PATH: 
  C:\Program Files\Common Files\Oracle\Java\javapath;C:\Program Files\Eclipse Adoptium\jdk-17.0.3.7-hotspot\bin;C:\Windows\system32;C:\Windows;C:\Windows\System32\Wbem;C:\Windows\System32\WindowsPowerShell\v1.0\;C:\Windows\System32\OpenSSH\;C:\Program Files\Microsoft SQL Server\Client SDK\ODBC\170\Tools\Binn\;C:\Program Files (x86)\Microsoft SQL Server\150\Tools\Binn\;C:\Program Files\Microsoft SQL Server\150\Tools\Binn\;C:\Program Files\Microsoft SQL Server\150\DTS\Binn\;C:\Program Files (x86)\Microsoft SQL Server\150\DTS\Binn\;C:\Program Files\Azure Data Studio\bin;D:\Nodejs-v\;D:\GIT-v\Git\cmd;D:\JDK-17\bin;D:\Xampp- v\php;D:\Composer-v;C:\Users\Admin\AppData\Local\Microsoft\WindowsApps;D:\Vs-Code\Microsoft VS Code\bin;D:\Dev-C++\Dev-Cpp\MinGW64\bin;C:\Program Files\Azure Data Studio\bin;C:\Users\Admin\AppData\Roaming\npm;C:\Program Files\Eclipse Adoptium\jdk-17.0.3.7-hotspot\bin\server;C:\Users\Admin\AppData\Roaming\Composer\vendor\bin

Yarn version: 
  1.22.19

Node version: 
  16.15.0

Platform: 
  win32 x64

Trace: 
  Error: https://registry.yarnpkg.com/jwtwebtoken: Not found
      at Request.params.callback [as _callback] (C:\Users\Admin\AppData\Roaming\npm\node_modules\yarn\lib\cli.js:66145:18)
      at Request.self.callback (C:\Users\Admin\AppData\Roaming\npm\node_modules\yarn\lib\cli.js:140890:22)
      at Request.emit (node:events:527:28)
      at Request.<anonymous> (C:\Users\Admin\AppData\Roaming\npm\node_modules\yarn\lib\cli.js:141862:10)
      at Request.emit (node:events:527:28)
      at IncomingMessage.<anonymous> (C:\Users\Admin\AppData\Roaming\npm\node_modules\yarn\lib\cli.js:141784:12)
      at Object.onceWrapper (node:events:641:28)
      at IncomingMessage.emit (node:events:539:35)
      at endReadableNT (node:internal/streams/readable:1345:12)
      at processTicksAndRejections (node:internal/process/task_queues:83:21)

npm manifest: 
  {
    "name": "JWT_LOGIN",
    "version": "1.0.0",
    "main": "app.js",
    "author": "tran cogn tien",
    "license": "MIT",
    "private": false,
    "scripts": {
      "start": "nodemon app.js",
      "test": "(eslint lib || true) && jest"
    }
  }

yarn manifest: 
  No manifest

Lockfile: 
  No lockfile
